{"C:\\Projects\\vue\\job-search\\src\\api\\GetJobs.js": {"path":"C:\\Projects\\vue\\job-search\\src\\api\\GetJobs.js","statementMap":{"0":{"start":{"line":4,"column":16},"end":{"line":9,"column":1}},"1":{"start":{"line":5,"column":18},"end":{"line":5,"column":45}},"2":{"start":{"line":6,"column":14},"end":{"line":6,"column":31}},"3":{"start":{"line":7,"column":19},"end":{"line":7,"column":39}},"4":{"start":{"line":8,"column":2},"end":{"line":8,"column":23}}},"fnMap":{"0":{"name":"(anonymous_0)","decl":{"start":{"line":4,"column":16},"end":{"line":4,"column":17}},"loc":{"start":{"line":4,"column":28},"end":{"line":9,"column":1}},"line":4}},"branchMap":{},"s":{"0":4,"1":2,"2":2,"3":2,"4":2},"f":{"0":2},"b":{},"_coverageSchema":"1a1c01bbd47fc00a2c39e90264f33305004495a9","hash":"5eab6ebadcb24606068fd8d717de5d2b35f7b195"}
,"C:\\Projects\\vue\\job-search\\src\\components\\common\\Accordian.vue": {"path":"C:\\Projects\\vue\\job-search\\src\\components\\common\\Accordian.vue","statementMap":{"0":{"start":{"line":21,"column":15},"end":{"line":21,"column":null}},"1":{"start":{"line":30,"column":4},"end":{"line":30,"column":11}},"2":{"start":{"line":36,"column":6},"end":{"line":36,"column":13}},"3":{"start":{"line":41,"column":6},"end":{"line":41,"column":11}}},"fnMap":{"0":{"name":"(anonymous_0)","decl":{"start":{"line":29,"column":2},"end":{"line":29,"column":6}},"loc":{"start":{"line":29,"column":9},"end":{"line":33,"column":null}}},"1":{"name":"(anonymous_1)","decl":{"start":{"line":35,"column":4},"end":{"line":35,"column":13}},"loc":{"start":{"line":35,"column":16},"end":{"line":37,"column":null}}},"2":{"name":"(anonymous_2)","decl":{"start":{"line":40,"column":4},"end":{"line":40,"column":8}},"loc":{"start":{"line":40,"column":11},"end":{"line":42,"column":null}}}},"branchMap":{"0":{"loc":{"start":{"line":36,"column":13},"end":{"line":36,"column":50}},"type":"cond-expr","locations":[{"start":{"line":36,"column":27},"end":{"line":36,"column":28}},{"start":{"line":36,"column":49},"end":{"line":36,"column":50}}]}},"s":{"0":1,"1":2,"2":4,"3":2},"f":{"0":2,"1":4,"2":2},"b":{"0":[2,2]}}
,"C:\\Projects\\vue\\job-search\\src\\components\\common\\ActionButton.vue": {"path":"C:\\Projects\\vue\\job-search\\src\\components\\common\\ActionButton.vue","statementMap":{"0":{"start":{"line":9,"column":15},"end":{"line":9,"column":null}},"1":{"start":{"line":21,"column":8},"end":{"line":21,"column":15}},"2":{"start":{"line":27,"column":6},"end":{"line":27,"column":13}}},"fnMap":{"0":{"name":"(anonymous_0)","decl":{"start":{"line":20,"column":6},"end":{"line":20,"column":15}},"loc":{"start":{"line":20,"column":23},"end":{"line":22,"column":null}}},"1":{"name":"(anonymous_1)","decl":{"start":{"line":26,"column":4},"end":{"line":26,"column":15}},"loc":{"start":{"line":26,"column":18},"end":{"line":30,"column":null}}}},"branchMap":{},"s":{"0":3,"1":7,"2":3},"f":{"0":7,"1":3},"b":{}}
,"C:\\Projects\\vue\\job-search\\src\\components\\common\\TextInput.vue": {"path":"C:\\Projects\\vue\\job-search\\src\\components\\common\\TextInput.vue","statementMap":{"0":{"start":{"line":13,"column":15},"end":{"line":13,"column":null}},"1":{"start":{"line":29,"column":6},"end":{"line":29,"column":11}}},"fnMap":{"0":{"name":"(anonymous_0)","decl":{"start":{"line":28,"column":4},"end":{"line":28,"column":15}},"loc":{"start":{"line":28,"column":24},"end":{"line":30,"column":null}}}},"branchMap":{},"s":{"0":2,"1":4},"f":{"0":4},"b":{}}
,"C:\\Projects\\vue\\job-search\\src\\components\\job-results\\JobListing.vue": {"path":"C:\\Projects\\vue\\job-search\\src\\components\\job-results\\JobListing.vue","statementMap":{"0":{"start":{"line":55,"column":15},"end":{"line":55,"column":null}},"1":{"start":{"line":65,"column":6},"end":{"line":65,"column":14}}},"fnMap":{"0":{"name":"(anonymous_0)","decl":{"start":{"line":64,"column":4},"end":{"line":64,"column":15}},"loc":{"start":{"line":64,"column":18},"end":{"line":66,"column":null}}}},"branchMap":{},"s":{"0":2,"1":5},"f":{"0":5},"b":{}}
,"C:\\Projects\\vue\\job-search\\src\\components\\navigation\\ProfileImage.vue": {"path":"C:\\Projects\\vue\\job-search\\src\\components\\navigation\\ProfileImage.vue","statementMap":{"0":{"start":{"line":7,"column":15},"end":{"line":7,"column":null}},"1":{"start":{"line":10,"column":4},"end":{"line":10,"column":11}}},"fnMap":{"0":{"name":"(anonymous_0)","decl":{"start":{"line":9,"column":2},"end":{"line":9,"column":6}},"loc":{"start":{"line":9,"column":9},"end":{"line":13,"column":null}}}},"branchMap":{},"s":{"0":2,"1":1},"f":{"0":1},"b":{}}
,"C:\\Projects\\vue\\job-search\\src\\components\\navigation\\SubNav.vue": {"path":"C:\\Projects\\vue\\job-search\\src\\components\\navigation\\SubNav.vue","statementMap":{"0":{"start":{"line":14,"column":15},"end":{"line":14,"column":null}},"1":{"start":{"line":18,"column":6},"end":{"line":18,"column":13}}},"fnMap":{"0":{"name":"(anonymous_0)","decl":{"start":{"line":17,"column":4},"end":{"line":17,"column":20}},"loc":{"start":{"line":17,"column":23},"end":{"line":19,"column":null}}}},"branchMap":{},"s":{"0":2,"1":2},"f":{"0":2},"b":{}}
,"C:\\Projects\\vue\\job-search\\src\\store\\index.js": {"path":"C:\\Projects\\vue\\job-search\\src\\store\\index.js","statementMap":{"0":{"start":{"line":4,"column":26},"end":{"line":4,"column":38}},"1":{"start":{"line":5,"column":28},"end":{"line":5,"column":42}},"2":{"start":{"line":6,"column":26},"end":{"line":6,"column":38}},"3":{"start":{"line":8,"column":21},"end":{"line":13,"column":1}},"4":{"start":{"line":9,"column":2},"end":{"line":12,"column":4}},"5":{"start":{"line":15,"column":25},"end":{"line":22,"column":1}},"6":{"start":{"line":17,"column":4},"end":{"line":17,"column":28}},"7":{"start":{"line":20,"column":4},"end":{"line":20,"column":22}},"8":{"start":{"line":24,"column":23},"end":{"line":29,"column":1}},"9":{"start":{"line":26,"column":23},"end":{"line":26,"column":38}},"10":{"start":{"line":27,"column":4},"end":{"line":27,"column":45}},"11":{"start":{"line":31,"column":14},"end":{"line":36,"column":2}}},"fnMap":{"0":{"name":"(anonymous_0)","decl":{"start":{"line":8,"column":21},"end":{"line":8,"column":22}},"loc":{"start":{"line":8,"column":27},"end":{"line":13,"column":1}},"line":8},"1":{"name":"(anonymous_1)","decl":{"start":{"line":16,"column":2},"end":{"line":16,"column":3}},"loc":{"start":{"line":16,"column":22},"end":{"line":18,"column":3}},"line":16},"2":{"name":"(anonymous_2)","decl":{"start":{"line":19,"column":2},"end":{"line":19,"column":3}},"loc":{"start":{"line":19,"column":30},"end":{"line":21,"column":3}},"line":19},"3":{"name":"(anonymous_3)","decl":{"start":{"line":25,"column":2},"end":{"line":25,"column":3}},"loc":{"start":{"line":25,"column":30},"end":{"line":28,"column":3}},"line":25}},"branchMap":{},"s":{"0":3,"1":3,"2":3,"3":3,"4":5,"5":3,"6":1,"7":1,"8":3,"9":2,"10":2,"11":3},"f":{"0":5,"1":1,"2":1,"3":2},"b":{},"_coverageSchema":"1a1c01bbd47fc00a2c39e90264f33305004495a9","hash":"67af8e8da09389a581d39fb309ed2d7570b3c0fd"}
,"C:\\Projects\\vue\\job-search\\src\\utils\\NextOrFirstElement.js": {"path":"C:\\Projects\\vue\\job-search\\src\\utils\\NextOrFirstElement.js","statementMap":{"0":{"start":{"line":2,"column":27},"end":{"line":9,"column":1}},"1":{"start":{"line":4,"column":27},"end":{"line":4,"column":52}},"2":{"start":{"line":6,"column":24},"end":{"line":6,"column":60}},"3":{"start":{"line":8,"column":2},"end":{"line":8,"column":29}}},"fnMap":{"0":{"name":"(anonymous_0)","decl":{"start":{"line":2,"column":27},"end":{"line":2,"column":28}},"loc":{"start":{"line":2,"column":50},"end":{"line":9,"column":1}},"line":2}},"branchMap":{},"s":{"0":2,"1":3,"2":3,"3":3},"f":{"0":3},"b":{},"_coverageSchema":"1a1c01bbd47fc00a2c39e90264f33305004495a9","hash":"1c450b7676249de9b6ee12630414c05528d2d7aa"}
}
