TN:
SF:src\api\GetJobs.js
FN:4,(anonymous_0)
FNF:1
FNH:1
FNDA:2,(anonymous_0)
DA:4,4
DA:5,2
DA:6,2
DA:7,2
DA:8,2
LF:5
LH:5
BRF:0
BRH:0
end_of_record
TN:
SF:src\components\common\Accordian.vue
FN:29,(anonymous_0)
FN:35,(anonymous_1)
FN:40,(anonymous_2)
FNF:3
FNH:3
FNDA:2,(anonymous_0)
FNDA:4,(anonymous_1)
FNDA:2,(anonymous_2)
DA:21,1
DA:30,2
DA:36,4
DA:41,2
LF:4
LH:4
BRDA:36,0,0,2
BRDA:36,0,1,2
BRF:2
BRH:2
end_of_record
TN:
SF:src\components\common\ActionButton.vue
FN:20,(anonymous_0)
FN:26,(anonymous_1)
FNF:2
FNH:2
FNDA:7,(anonymous_0)
FNDA:3,(anonymous_1)
DA:9,3
DA:21,7
DA:27,3
LF:3
LH:3
BRF:0
BRH:0
end_of_record
TN:
SF:src\components\common\TextInput.vue
FN:28,(anonymous_0)
FNF:1
FNH:1
FNDA:4,(anonymous_0)
DA:13,2
DA:29,4
LF:2
LH:2
BRF:0
BRH:0
end_of_record
TN:
SF:src\components\job-results\JobListing.vue
FN:64,(anonymous_0)
FNF:1
FNH:1
FNDA:5,(anonymous_0)
DA:55,2
DA:65,5
LF:2
LH:2
BRF:0
BRH:0
end_of_record
TN:
SF:src\components\navigation\ProfileImage.vue
FN:9,(anonymous_0)
FNF:1
FNH:1
FNDA:1,(anonymous_0)
DA:7,2
DA:10,1
LF:2
LH:2
BRF:0
BRH:0
end_of_record
TN:
SF:src\components\navigation\SubNav.vue
FN:17,(anonymous_0)
FNF:1
FNH:1
FNDA:2,(anonymous_0)
DA:14,2
DA:18,2
LF:2
LH:2
BRF:0
BRH:0
end_of_record
TN:
SF:src\store\index.js
FN:8,(anonymous_0)
FN:16,(anonymous_1)
FN:19,(anonymous_2)
FN:25,(anonymous_3)
FNF:4
FNH:4
FNDA:5,(anonymous_0)
FNDA:1,(anonymous_1)
FNDA:1,(anonymous_2)
FNDA:2,(anonymous_3)
DA:4,3
DA:5,3
DA:6,3
DA:8,3
DA:9,5
DA:15,3
DA:17,1
DA:20,1
DA:24,3
DA:26,2
DA:27,2
DA:31,3
LF:12
LH:12
BRF:0
BRH:0
end_of_record
TN:
SF:src\utils\NextOrFirstElement.js
FN:2,(anonymous_0)
FNF:1
FNH:1
FNDA:3,(anonymous_0)
DA:2,2
DA:4,3
DA:6,3
DA:8,3
LF:4
LH:4
BRF:0
BRH:0
end_of_record
